<?xml version="1.0" encoding="UTF-8"?>
<testsuite xmlns:xsi="http://www.w3.org/2001/XMLSchema-instance" xsi:noNamespaceSchemaLocation="https://maven.apache.org/surefire/maven-surefire-plugin/xsd/surefire-test-report.xsd" name="es.urjc.code.daw.library.book.TestBookService" time="9.551" tests="2" errors="0" skipped="0" failures="0">
  <properties>
[...]
</properties>
  <testcase name="checkIfABookIsSavedInRepositoryAndNotificationIsSent" classname="es.urjc.code.daw.library.book.TestBookService" time="9.255"/>
  <testcase name="checkIfABookIsDeletedAndNotificationIsSent" classname="es.urjc.code.daw.library.book.TestBookService" time="0.118"/>
</testsuite>